<?xml version="1.0" encoding="UTF-8"?>
<!-- Generated by org.testng.reporters.JUnitReportReporter -->
<testsuite hostname="DESKTOP-GAJDAQ8" failures="0" tests="1" name="testNGPackage.SelectBrowser" time="3.099" errors="0" timestamp="2023-01-23T15:41:48 PST" skipped="0">
  <testcase classname="testNGPackage.SelectBrowser" name="openBrowser" time="3.099"/>
  <system-out/>
</testsuite> <!-- testNGPackage.SelectBrowser -->
