<?xml version="1.0" encoding="UTF-8"?>
<!-- Generated by org.testng.reporters.JUnitReportReporter -->
<testsuite hostname="DESKTOP-GAJDAQ8" failures="0" tests="1" name="testNGPack2.class4" time="5.851" errors="0" timestamp="2023-01-20T14:04:10 PST" skipped="0">
  <testcase classname="testNGPack2.class4" name="java" time="5.851"/>
  <system-out/>
</testsuite> <!-- testNGPack2.class4 -->
