<?xml version="1.0" encoding="UTF-8"?>
<!-- Generated by org.testng.reporters.JUnitReportReporter -->
<testsuite hostname="DESKTOP-GAJDAQ8" failures="0" tests="3" name="testNGPack2.Flag4" time="0.021" errors="0" timestamp="2023-01-20T14:44:11 PST" skipped="0">
  <testcase classname="testNGPack2.Flag4" name="CreateUser" time="0.004"/>
  <system-out>
    <![CDATA[User is created!!]]>
  </system-out>
  <testcase classname="testNGPack2.Flag4" name="LogOutMethod" time="0.001"/>
  <system-out>
    <![CDATA[Log out Done!!!]]>
  </system-out>
  <testcase classname="testNGPack2.Flag4" name="logInMethod" time="0.016"/>
  <system-out>
    <![CDATA[Log is Done!!!]]>
  </system-out>
</testsuite> <!-- testNGPack2.Flag4 -->
