<?xml version="1.0" encoding="UTF-8"?>
<!-- Generated by org.testng.reporters.JUnitReportReporter -->
<testsuite hostname="DESKTOP-GAJDAQ8" failures="0" tests="1" name="testNGparallelExecution.TestNG1" time="0.022" errors="0" timestamp="2023-01-23T13:53:17 PST" skipped="0">
  <testcase classname="testNGparallelExecution.TestNG1" name="m1" time="0.022"/>
  <system-out>
    <![CDATA[this method is m1]]>
  </system-out>
</testsuite> <!-- testNGparallelExecution.TestNG1 -->
