<?xml version="1.0" encoding="UTF-8"?>
<!-- Generated by org.testng.reporters.JUnitReportReporter -->
<testsuite hostname="DESKTOP-GAJDAQ8" failures="0" tests="3" name="testNGPackage.Sumo" time="0.019" errors="0" timestamp="2023-01-19T15:01:52 PST" skipped="0">
  <testcase classname="testNGPackage.Sumo" name="sumo2" time="0.002"/>
  <system-out>
    <![CDATA[this is sumo2 class method ]]>
  </system-out>
  <testcase classname="testNGPackage.Sumo" name="sumo" time="0.011"/>
  <system-out>
    <![CDATA[this is sumo class method]]>
  </system-out>
  <testcase classname="testNGPackage.Sumo" name="sumo1" time="0.006"/>
  <system-out>
    <![CDATA[this is sumo1 class method ]]>
  </system-out>
</testsuite> <!-- testNGPackage.Sumo -->
