<?xml version="1.0" encoding="UTF-8"?>
<!-- Generated by org.testng.reporters.JUnitReportReporter -->
<testsuite hostname="DESKTOP-GAJDAQ8" failures="0" tests="1" name="testNGPack2.ActiTime" time="5.515" errors="0" timestamp="2023-01-20T14:29:12 PST" skipped="0">
  <testcase classname="testNGPack2.ActiTime" name="java" time="5.515"/>
  <system-out>
    <![CDATA[Method of ActiTime]]>
  </system-out>
</testsuite> <!-- testNGPack2.ActiTime -->
