<?xml version="1.0" encoding="UTF-8"?>
<!-- Generated by org.testng.reporters.JUnitReportReporter -->
<testsuite hostname="DESKTOP-GAJDAQ8" failures="0" tests="1" name="testNGPack2.class2" time="5.708" errors="0" timestamp="2023-01-20T14:21:52 PST" skipped="0">
  <testcase classname="testNGPack2.class2" name="manualTesting" time="5.708"/>
  <system-out/>
</testsuite> <!-- testNGPack2.class2 -->
