<?xml version="1.0" encoding="UTF-8"?>
<!-- Generated by org.testng.reporters.JUnitReportReporter -->
<testsuite hostname="DESKTOP-GAJDAQ8" failures="0" tests="1" name="testNGparallelExecution.TestNg2" time="0.031" errors="0" timestamp="2023-01-23T13:53:17 PST" skipped="0">
  <testcase classname="testNGparallelExecution.TestNg2" name="m2" time="0.031"/>
  <system-out>
    <![CDATA[this method is m2]]>
  </system-out>
</testsuite> <!-- testNGparallelExecution.TestNg2 -->
