<?xml version="1.0" encoding="UTF-8"?>
<!-- Generated by org.testng.reporters.JUnitReportReporter -->
<testsuite hostname="DESKTOP-GAJDAQ8" failures="0" tests="2" name="testNGPack2.NoAnnotation" time="0.022" errors="0" timestamp="2023-01-20T15:12:31 PST" skipped="0">
  <testcase classname="testNGPack2.NoAnnotation" name="test" time="0.012"/>
  <system-out>
    <![CDATA[@Test Annotation]]>
  </system-out>
  <testcase classname="testNGPack2.NoAnnotation" name="tes2t" time="0.010"/>
  <system-out>
    <![CDATA[@Test2 Annotation]]>
  </system-out>
</testsuite> <!-- testNGPack2.NoAnnotation -->
