<?xml version="1.0" encoding="UTF-8"?>
<!-- Generated by org.testng.reporters.JUnitReportReporter -->
<testsuite hostname="DESKTOP-GAJDAQ8" failures="0" tests="2" name="testNGparallelExecution.TestNg3" time="0.039" errors="0" timestamp="2023-01-23T13:57:52 PST" skipped="0">
  <testcase classname="testNGparallelExecution.TestNg3" name="method2" time="0.021"/>
  <system-out>
    <![CDATA[I am method 2]]>
  </system-out>
  <testcase classname="testNGparallelExecution.TestNg3" name="method1" time="0.018"/>
  <system-out>
    <![CDATA[I am method 1]]>
  </system-out>
</testsuite> <!-- testNGparallelExecution.TestNg3 -->
