<?xml version="1.0" encoding="UTF-8"?>
<!-- Generated by org.testng.reporters.JUnitReportReporter -->
<testsuite hostname="DESKTOP-GAJDAQ8" failures="0" tests="10" name="testNGPack2.Flag3" time="19.856" errors="0" timestamp="2023-01-24T14:35:09 PST" skipped="0">
  <testcase classname="testNGPack2.Flag3" name="flag3" time="1.781"/>
  <system-out>
    <![CDATA[Method of ActiTime]]>
  </system-out>
  <testcase classname="testNGPack2.Flag3" name="flag3" time="1.724"/>
  <system-out>
    <![CDATA[Method of ActiTime]]>
  </system-out>
  <testcase classname="testNGPack2.Flag3" name="flag3" time="1.888"/>
  <system-out>
    <![CDATA[Method of ActiTime]]>
  </system-out>
  <testcase classname="testNGPack2.Flag3" name="flag3" time="3.474"/>
  <system-out>
    <![CDATA[Method of ActiTime]]>
  </system-out>
  <testcase classname="testNGPack2.Flag3" name="flag3" time="1.757"/>
  <system-out>
    <![CDATA[Method of ActiTime]]>
  </system-out>
  <testcase classname="testNGPack2.Flag3" name="flag3" time="1.802"/>
  <system-out>
    <![CDATA[Method of ActiTime]]>
  </system-out>
  <testcase classname="testNGPack2.Flag3" name="flag3" time="2.093"/>
  <system-out>
    <![CDATA[Method of ActiTime]]>
  </system-out>
  <testcase classname="testNGPack2.Flag3" name="flag3" time="1.849"/>
  <system-out>
    <![CDATA[Method of ActiTime]]>
  </system-out>
  <testcase classname="testNGPack2.Flag3" name="flag3" time="1.741"/>
  <system-out>
    <![CDATA[Method of ActiTime]]>
  </system-out>
  <testcase classname="testNGPack2.Flag3" name="flag3" time="1.747"/>
  <system-out>
    <![CDATA[Method of ActiTime]]>
  </system-out>
</testsuite> <!-- testNGPack2.Flag3 -->
