<?xml version="1.0" encoding="UTF-8"?>
<!-- Generated by org.testng.reporters.JUnitReportReporter -->
<testsuite hostname="DESKTOP-GAJDAQ8" failures="0" tests="6" name="testNGPack2.Priority1" time="0.045" errors="0" timestamp="2023-01-21T14:17:01 PST" skipped="0">
  <testcase classname="testNGPack2.Priority1" name="r1" time="0.026"/>
  <system-out>
    <![CDATA[r1]]>
  </system-out>
  <testcase classname="testNGPack2.Priority1" name="m1" time="0.003"/>
  <system-out>
    <![CDATA[m1]]>
  </system-out>
  <testcase classname="testNGPack2.Priority1" name="e1" time="0.002"/>
  <system-out>
    <![CDATA[e1]]>
  </system-out>
  <testcase classname="testNGPack2.Priority1" name="j1" time="0.005"/>
  <system-out>
    <![CDATA[j1]]>
  </system-out>
  <testcase classname="testNGPack2.Priority1" name="g1" time="0.007"/>
  <system-out>
    <![CDATA[g1]]>
  </system-out>
  <testcase classname="testNGPack2.Priority1" name="d1" time="0.002"/>
  <system-out>
    <![CDATA[d1]]>
  </system-out>
</testsuite> <!-- testNGPack2.Priority1 -->
