<?xml version="1.0" encoding="UTF-8"?>
<!-- Generated by org.testng.reporters.JUnitReportReporter -->
<testsuite hostname="DESKTOP-GAJDAQ8" failures="0" tests="1" name="testNGPack2.class3" time="6.186" errors="0" timestamp="2023-01-20T14:04:10 PST" skipped="0">
  <testcase classname="testNGPack2.class3" name="automation" time="6.186"/>
  <system-out/>
</testsuite> <!-- testNGPack2.class3 -->
