<?xml version="1.0" encoding="UTF-8"?>
<!-- Generated by org.testng.reporters.JUnitReportReporter -->
<testsuite hostname="DESKTOP-GAJDAQ8" failures="0" tests="1" name="testNGPack2.class1" time="6.950" errors="0" timestamp="2023-01-20T14:17:13 PST" skipped="0">
  <testcase classname="testNGPack2.class1" name="sql" time="6.950"/>
  <system-out>
    <![CDATA[method of class1]]>
  </system-out>
</testsuite> <!-- testNGPack2.class1 -->
