<?xml version="1.0" encoding="UTF-8"?>
<!-- Generated by org.testng.reporters.JUnitReportReporter -->
<testsuite hostname="DESKTOP-GAJDAQ8" failures="0" tests="1" name="testNGPackage.TestValidLogin" time="10.329" errors="0" timestamp="2023-01-24T14:38:34 PST" skipped="0">
  <testcase classname="testNGPackage.TestValidLogin" name="validLogin" time="10.329"/>
  <system-out/>
</testsuite> <!-- testNGPackage.TestValidLogin -->
